[2026-01-10T17:20:42.013+0000] {taskinstance.py:1957} INFO - Dependencies all met for dep_context=non-requeueable deps ti=<TaskInstance: schema_matching_pipeline.generate_rq5_figures manual__2026-01-10T17:13:23.822404+00:00 [queued]>
[2026-01-10T17:20:42.053+0000] {taskinstance.py:1957} INFO - Dependencies all met for dep_context=requeueable deps ti=<TaskInstance: schema_matching_pipeline.generate_rq5_figures manual__2026-01-10T17:13:23.822404+00:00 [queued]>
[2026-01-10T17:20:42.060+0000] {taskinstance.py:2171} INFO - Starting attempt 2 of 2
[2026-01-10T17:20:42.103+0000] {taskinstance.py:2192} INFO - Executing <Task(PythonOperator): generate_rq5_figures> on 2026-01-10 17:13:23.822404+00:00
[2026-01-10T17:20:42.121+0000] {standard_task_runner.py:60} INFO - Started process 746 to run task
[2026-01-10T17:20:42.132+0000] {standard_task_runner.py:87} INFO - Running: ['***', 'tasks', 'run', 'schema_matching_pipeline', 'generate_rq5_figures', 'manual__2026-01-10T17:13:23.822404+00:00', '--job-id', '147', '--raw', '--subdir', 'DAGS_FOLDER/schema_matching_dag.py', '--cfg-path', '/tmp/tmp_t6ajdp4']
[2026-01-10T17:20:42.139+0000] {standard_task_runner.py:88} INFO - Job 147: Subtask generate_rq5_figures
[2026-01-10T17:20:42.320+0000] {task_command.py:423} INFO - Running <TaskInstance: schema_matching_pipeline.generate_rq5_figures manual__2026-01-10T17:13:23.822404+00:00 [running]> on host 3d5bf5b10dcc
[2026-01-10T17:20:42.641+0000] {taskinstance.py:2481} INFO - Exporting env vars: AIRFLOW_CTX_DAG_OWNER='data-engineer' AIRFLOW_CTX_DAG_ID='schema_matching_pipeline' AIRFLOW_CTX_TASK_ID='generate_rq5_figures' AIRFLOW_CTX_EXECUTION_DATE='2026-01-10T17:13:23.822404+00:00' AIRFLOW_CTX_TRY_NUMBER='2' AIRFLOW_CTX_DAG_RUN_ID='manual__2026-01-10T17:13:23.822404+00:00'
[2026-01-10T17:20:47.232+0000] {logging_mixin.py:188} INFO - [OK] Saved figure: figures/RQ5_Fig1.pdf
[2026-01-10T17:20:49.426+0000] {logging_mixin.py:188} INFO - Error running src.evaluation.plot_rq5_fig2:
[2026-01-10T17:20:49.427+0000] {logging_mixin.py:188} INFO - Traceback (most recent call last):
  File "<frozen runpy>", line 198, in _run_module_as_main
  File "<frozen runpy>", line 88, in _run_code
  File "/opt/***/src/evaluation/plot_rq5_fig2.py", line 108, in <module>
    main()
  File "/opt/***/src/evaluation/plot_rq5_fig2.py", line 81, in main
    raise ValueError("No true matches found in labeled subset (unexpected).")
ValueError: No true matches found in labeled subset (unexpected).
[2026-01-10T17:20:49.429+0000] {taskinstance.py:2699} ERROR - Task failed with exception
Traceback (most recent call last):
  File "/home/airflow/.local/lib/python3.11/site-packages/airflow/models/taskinstance.py", line 433, in _execute_task
    result = execute_callable(context=context, **execute_callable_kwargs)
             ^^^^^^^^^^^^^^^^^^^^^^^^^^^^^^^^^^^^^^^^^^^^^^^^^^^^^^^^^^^^
  File "/home/airflow/.local/lib/python3.11/site-packages/airflow/operators/python.py", line 199, in execute
    return_value = self.execute_callable()
                   ^^^^^^^^^^^^^^^^^^^^^^^
  File "/home/airflow/.local/lib/python3.11/site-packages/airflow/operators/python.py", line 216, in execute_callable
    return self.python_callable(*self.op_args, **self.op_kwargs)
           ^^^^^^^^^^^^^^^^^^^^^^^^^^^^^^^^^^^^^^^^^^^^^^^^^^^^^
  File "/opt/airflow/dags/schema_matching_dag.py", line 653, in generate_rq5_figures
    raise RuntimeError(f"Figure generation failed for {script}")
RuntimeError: Figure generation failed for src.evaluation.plot_rq5_fig2
[2026-01-10T17:20:49.457+0000] {taskinstance.py:1138} INFO - Marking task as FAILED. dag_id=schema_matching_pipeline, task_id=generate_rq5_figures, execution_date=20260110T171323, start_date=20260110T172042, end_date=20260110T172049
[2026-01-10T17:20:49.481+0000] {standard_task_runner.py:107} ERROR - Failed to execute job 147 for task generate_rq5_figures (Figure generation failed for src.evaluation.plot_rq5_fig2; 746)
[2026-01-10T17:20:49.534+0000] {local_task_job_runner.py:234} INFO - Task exited with return code 1
[2026-01-10T17:20:49.567+0000] {taskinstance.py:3281} INFO - 0 downstream tasks scheduled from follow-on schedule check
