[2026-01-10T17:04:29.838+0000] {taskinstance.py:1957} INFO - Dependencies all met for dep_context=non-requeueable deps ti=<TaskInstance: schema_matching_pipeline.create_true_match_column_types manual__2026-01-10T16:57:07.185840+00:00 [queued]>
[2026-01-10T17:04:29.850+0000] {taskinstance.py:1957} INFO - Dependencies all met for dep_context=requeueable deps ti=<TaskInstance: schema_matching_pipeline.create_true_match_column_types manual__2026-01-10T16:57:07.185840+00:00 [queued]>
[2026-01-10T17:04:29.851+0000] {taskinstance.py:2171} INFO - Starting attempt 2 of 2
[2026-01-10T17:04:29.871+0000] {taskinstance.py:2192} INFO - Executing <Task(PythonOperator): create_true_match_column_types> on 2026-01-10 16:57:07.185840+00:00
[2026-01-10T17:04:29.882+0000] {standard_task_runner.py:60} INFO - Started process 625 to run task
[2026-01-10T17:04:29.887+0000] {standard_task_runner.py:87} INFO - Running: ['***', 'tasks', 'run', 'schema_matching_pipeline', 'create_true_match_column_types', 'manual__2026-01-10T16:57:07.185840+00:00', '--job-id', '125', '--raw', '--subdir', 'DAGS_FOLDER/schema_matching_dag.py', '--cfg-path', '/tmp/tmpxaxutb8p']
[2026-01-10T17:04:29.900+0000] {standard_task_runner.py:88} INFO - Job 125: Subtask create_true_match_column_types
[2026-01-10T17:04:29.998+0000] {task_command.py:423} INFO - Running <TaskInstance: schema_matching_pipeline.create_true_match_column_types manual__2026-01-10T16:57:07.185840+00:00 [running]> on host 3d5bf5b10dcc
[2026-01-10T17:04:30.120+0000] {taskinstance.py:2481} INFO - Exporting env vars: AIRFLOW_CTX_DAG_OWNER='data-engineer' AIRFLOW_CTX_DAG_ID='schema_matching_pipeline' AIRFLOW_CTX_TASK_ID='create_true_match_column_types' AIRFLOW_CTX_EXECUTION_DATE='2026-01-10T16:57:07.185840+00:00' AIRFLOW_CTX_TRY_NUMBER='2' AIRFLOW_CTX_DAG_RUN_ID='manual__2026-01-10T16:57:07.185840+00:00'
[2026-01-10T17:04:31.170+0000] {logging_mixin.py:188} INFO - Error analyzing true match column types:
[2026-01-10T17:04:31.170+0000] {logging_mixin.py:188} INFO - Traceback (most recent call last):
  File "<frozen runpy>", line 198, in _run_module_as_main
  File "<frozen runpy>", line 88, in _run_code
  File "/opt/***/src/evaluation/create_true_match_column_types.py", line 79, in <module>
    main()
  File "/opt/***/src/evaluation/create_true_match_column_types.py", line 75, in main
    print(out_df["column_type"].value_counts())
          ~~~~~~^^^^^^^^^^^^^^^
  File "/home/***/.local/lib/python3.11/site-packages/pandas/core/frame.py", line 3893, in __getitem__
    indexer = self.columns.get_loc(key)
              ^^^^^^^^^^^^^^^^^^^^^^^^^
  File "/home/***/.local/lib/python3.11/site-packages/pandas/core/indexes/range.py", line 418, in get_loc
    raise KeyError(key)
KeyError: 'column_type'
[2026-01-10T17:04:31.171+0000] {taskinstance.py:2699} ERROR - Task failed with exception
Traceback (most recent call last):
  File "/home/airflow/.local/lib/python3.11/site-packages/airflow/models/taskinstance.py", line 433, in _execute_task
    result = execute_callable(context=context, **execute_callable_kwargs)
             ^^^^^^^^^^^^^^^^^^^^^^^^^^^^^^^^^^^^^^^^^^^^^^^^^^^^^^^^^^^^
  File "/home/airflow/.local/lib/python3.11/site-packages/airflow/operators/python.py", line 199, in execute
    return_value = self.execute_callable()
                   ^^^^^^^^^^^^^^^^^^^^^^^
  File "/home/airflow/.local/lib/python3.11/site-packages/airflow/operators/python.py", line 216, in execute_callable
    return self.python_callable(*self.op_args, **self.op_kwargs)
           ^^^^^^^^^^^^^^^^^^^^^^^^^^^^^^^^^^^^^^^^^^^^^^^^^^^^^
  File "/opt/airflow/dags/schema_matching_dag.py", line 420, in create_true_match_column_types
    raise RuntimeError("True match column types analysis failed")
RuntimeError: True match column types analysis failed
[2026-01-10T17:04:31.197+0000] {taskinstance.py:1138} INFO - Marking task as FAILED. dag_id=schema_matching_pipeline, task_id=create_true_match_column_types, execution_date=20260110T165707, start_date=20260110T170429, end_date=20260110T170431
[2026-01-10T17:04:31.216+0000] {standard_task_runner.py:107} ERROR - Failed to execute job 125 for task create_true_match_column_types (True match column types analysis failed; 625)
[2026-01-10T17:04:31.236+0000] {local_task_job_runner.py:234} INFO - Task exited with return code 1
[2026-01-10T17:04:31.273+0000] {taskinstance.py:3281} INFO - 0 downstream tasks scheduled from follow-on schedule check
